<?xml version="1.0" encoding="UTF-8"?>
<testng-results ignored="0" total="1" passed="1" failed="0" skipped="0">
  <reporter-output>
  </reporter-output>
  <suite started-at="2024-10-30T07:50:56 IST" name="Suite" finished-at="2024-10-30T07:50:56 IST" duration-ms="123">
    <groups>
    </groups>
    <test started-at="2024-10-30T07:50:56 IST" name="Test" finished-at="2024-10-30T07:50:56 IST" duration-ms="123">
      <class name="com.rameshsoft.job.jobhardwork.JobHardwork">
        <test-method signature="hardworkJob()[pri:0, instance:com.rameshsoft.job.jobhardwork.JobHardwork@1e1a0406]" started-at="2024-10-30T07:50:56 IST" name="hardworkJob" finished-at="2024-10-30T07:50:56 IST" duration-ms="11" status="PASS">
          <reporter-output>
          </reporter-output>
        </test-method> <!-- hardworkJob -->
      </class> <!-- com.rameshsoft.job.jobhardwork.JobHardwork -->
    </test> <!-- Test -->
  </suite> <!-- Suite -->
</testng-results>
